
> teachforward-frontend@0.1.0 start
> react-scripts start

[baseline-browser-mapping] The data in this module is over two months old.  To ensure accurate Baseline data, please update: `npm i baseline-browser-mapping@latest -D`
(node:51911) [DEP_WEBPACK_DEV_SERVER_ON_AFTER_SETUP_MIDDLEWARE] DeprecationWarning: 'onAfterSetupMiddleware' option is deprecated. Please use the 'setupMiddlewares' option.
(Use `node --trace-deprecation ...` to show where the warning was created)
(node:51911) [DEP_WEBPACK_DEV_SERVER_ON_BEFORE_SETUP_MIDDLEWARE] DeprecationWarning: 'onBeforeSetupMiddleware' option is deprecated. Please use the 'setupMiddlewares' option.
Starting the development server...

Compiled with warnings.

[eslint] 
src/pages/Sessions/Sessions.tsx
  Line 56:11:  'Assignment' is defined but never used  @typescript-eslint/no-unused-vars

Search for the keywords to learn more about each warning.
To ignore, add // eslint-disable-next-line to the line before.

WARNING in [eslint] 
src/pages/Sessions/Sessions.tsx
  Line 56:11:  'Assignment' is defined but never used  @typescript-eslint/no-unused-vars

webpack compiled with 1 warning
No issues found.
Compiling...
Compiled with warnings.

[eslint] 
src/pages/Sessions/Sessions.tsx
  Line 56:11:  'Assignment' is defined but never used  @typescript-eslint/no-unused-vars

Search for the keywords to learn more about each warning.
To ignore, add // eslint-disable-next-line to the line before.

WARNING in [eslint] 
src/pages/Sessions/Sessions.tsx
  Line 56:11:  'Assignment' is defined but never used  @typescript-eslint/no-unused-vars

webpack compiled with 1 warning
No issues found.
Compiling...
Compiled with warnings.

[eslint] 
src/pages/Sessions/Sessions.tsx
  Line 56:11:  'Assignment' is defined but never used  @typescript-eslint/no-unused-vars

Search for the keywords to learn more about each warning.
To ignore, add // eslint-disable-next-line to the line before.

WARNING in [eslint] 
src/pages/Sessions/Sessions.tsx
  Line 56:11:  'Assignment' is defined but never used  @typescript-eslint/no-unused-vars

webpack compiled with 1 warning
No issues found.
Compiling...
Compiled with warnings.

[eslint] 
src/pages/Sessions/Sessions.tsx
  Line 56:11:  'Assignment' is defined but never used  @typescript-eslint/no-unused-vars

Search for the keywords to learn more about each warning.
To ignore, add // eslint-disable-next-line to the line before.

WARNING in [eslint] 
src/pages/Sessions/Sessions.tsx
  Line 56:11:  'Assignment' is defined but never used  @typescript-eslint/no-unused-vars

webpack compiled with 1 warning
No issues found.
Compiling...
Compiled with warnings.

[eslint] 
src/pages/Sessions/Sessions.tsx
  Line 56:11:  'Assignment' is defined but never used  @typescript-eslint/no-unused-vars

Search for the keywords to learn more about each warning.
To ignore, add // eslint-disable-next-line to the line before.

WARNING in [eslint] 
src/pages/Sessions/Sessions.tsx
  Line 56:11:  'Assignment' is defined but never used  @typescript-eslint/no-unused-vars

webpack compiled with 1 warning
No issues found.
Compiling...
Compiled with warnings.

[eslint] 
src/pages/Sessions/Sessions.tsx
  Line 56:11:  'Assignment' is defined but never used  @typescript-eslint/no-unused-vars

Search for the keywords to learn more about each warning.
To ignore, add // eslint-disable-next-line to the line before.

WARNING in [eslint] 
src/pages/Sessions/Sessions.tsx
  Line 56:11:  'Assignment' is defined but never used  @typescript-eslint/no-unused-vars

webpack compiled with 1 warning
No issues found.
Compiling...
Compiled with warnings.

[eslint] 
src/pages/Sessions/Sessions.tsx
  Line 56:11:  'Assignment' is defined but never used  @typescript-eslint/no-unused-vars

Search for the keywords to learn more about each warning.
To ignore, add // eslint-disable-next-line to the line before.

WARNING in [eslint] 
src/pages/Sessions/Sessions.tsx
  Line 56:11:  'Assignment' is defined but never used  @typescript-eslint/no-unused-vars

webpack compiled with 1 warning
No issues found.
Compiling...
Failed to compile.

[eslint] 
src/pages/Home/Home.tsx
  Line 264:22:  'Chip' is not defined  react/jsx-no-undef

Search for the keywords to learn more about each error.
WARNING in [eslint] 
src/pages/Home/Home.tsx
  Line 12:3:  'Paper' is defined but never used  @typescript-eslint/no-unused-vars

src/pages/Sessions/Sessions.tsx
  Line 56:11:  'Assignment' is defined but never used  @typescript-eslint/no-unused-vars

ERROR in [eslint] 
src/pages/Home/Home.tsx
  Line 264:22:  'Chip' is not defined  react/jsx-no-undef

Search for the keywords to learn more about each error.

webpack compiled with 1 error and 1 warning
ERROR in src/pages/Home/Home.tsx:264:22
TS2304: Cannot find name 'Chip'.
    262 |                       {testimonial.name}
    263 |                     </Typography>
  > 264 |                     <Chip 
        |                      ^^^^
    265 |                       label={testimonial.role} 
    266 |                       size="small" 
    267 |                       color="primary" 

Compiling...
Compiled with warnings.

[eslint] 
src/pages/Home/Home.tsx
  Line 12:3:  'Paper' is defined but never used  @typescript-eslint/no-unused-vars

src/pages/Sessions/Sessions.tsx
  Line 56:11:  'Assignment' is defined but never used  @typescript-eslint/no-unused-vars

Search for the keywords to learn more about each warning.
To ignore, add // eslint-disable-next-line to the line before.

WARNING in [eslint] 
src/pages/Home/Home.tsx
  Line 12:3:  'Paper' is defined but never used  @typescript-eslint/no-unused-vars

src/pages/Sessions/Sessions.tsx
  Line 56:11:  'Assignment' is defined but never used  @typescript-eslint/no-unused-vars

webpack compiled with 1 warning
No issues found.
Compiling...
Compiled with warnings.

[eslint] 
src/pages/Home/Home.tsx
  Line 12:3:  'Paper' is defined but never used  @typescript-eslint/no-unused-vars

src/pages/Sessions/Sessions.tsx
  Line 56:11:  'Assignment' is defined but never used  @typescript-eslint/no-unused-vars

Search for the keywords to learn more about each warning.
To ignore, add // eslint-disable-next-line to the line before.

WARNING in [eslint] 
src/pages/Home/Home.tsx
  Line 12:3:  'Paper' is defined but never used  @typescript-eslint/no-unused-vars

src/pages/Sessions/Sessions.tsx
  Line 56:11:  'Assignment' is defined but never used  @typescript-eslint/no-unused-vars

webpack compiled with 1 warning
No issues found.
